<?xml version="1.0" encoding="UTF-8" ?>
<testsuites>
  <testsuite errors="0" failures="0" hostname="2014003" id="0" name="SessionTest" package="jp.enpit.cloud.eventspiral" tests="5" time="3.129" timestamp="2014-10-03T07:50:08">
      <properties>
[...]
</properties>

      <testcase classname="jp.enpit.cloud.eventspiral.SessionTest" name="testGetCurrentAccount01" time="2.712" />

      <testcase classname="jp.enpit.cloud.eventspiral.SessionTest" name="testGetCurrentAccount02" time="0.032" />

      <testcase classname="jp.enpit.cloud.eventspiral.SessionTest" name="testRegisterSessionId01" time="0.077" />

      <testcase classname="jp.enpit.cloud.eventspiral.SessionTest" name="testRegisterSessionId02" time="0.036" />

      <testcase classname="jp.enpit.cloud.eventspiral.SessionTest" name="testDeleteSessionId01" time="0.025" />

      <system-out><![CDATA[]]></system-out>

      <system-err><![CDATA[10 03, 2014 4:50:10 午後 jp.enpit.cloud.eventspiral.Session getCurrentAccount
情報: Session.getCurrentAccount
10 03, 2014 4:50:10 午後 org.directwebremoting.WebContextFactory get
警告: Missing WebContextBuilder. Is DWR setup properly?
10 03, 2014 4:50:10 午後 jp.enpit.cloud.eventspiral.Session getCurrentAccount
情報: Session.getCurrentAccount
10 03, 2014 4:50:10 午後 org.directwebremoting.WebContextFactory get
警告: Missing WebContextBuilder. Is DWR setup properly?
10 03, 2014 4:50:10 午後 jp.enpit.cloud.eventspiral.Session getCurrentAccount
警告: SessionId:THIS_IS_A_TEST_SESSION_ID does not logged in.
10 03, 2014 4:50:10 午後 jp.enpit.cloud.eventspiral.Session registerSessionId
情報: Session.registerSessionId
10 03, 2014 4:50:10 午後 org.directwebremoting.WebContextFactory get
警告: Missing WebContextBuilder. Is DWR setup properly?
10 03, 2014 4:50:10 午後 jp.enpit.cloud.eventspiral.Session deleteSessionId
情報: Session.deleteSessionId
10 03, 2014 4:50:10 午後 org.directwebremoting.WebContextFactory get
警告: Missing WebContextBuilder. Is DWR setup properly?
10 03, 2014 4:50:10 午後 jp.enpit.cloud.eventspiral.Session registerSessionId
情報: Session.registerSessionId
10 03, 2014 4:50:10 午後 org.directwebremoting.WebContextFactory get
警告: Missing WebContextBuilder. Is DWR setup properly?
10 03, 2014 4:50:10 午後 jp.enpit.cloud.eventspiral.Session deleteSessionId
情報: Session.deleteSessionId
10 03, 2014 4:50:10 午後 org.directwebremoting.WebContextFactory get
警告: Missing WebContextBuilder. Is DWR setup properly?
10 03, 2014 4:50:10 午後 jp.enpit.cloud.eventspiral.Session deleteSessionId
情報: Session.deleteSessionId
10 03, 2014 4:50:10 午後 org.directwebremoting.WebContextFactory get
警告: Missing WebContextBuilder. Is DWR setup properly?
]]></system-err>

  </testsuite>
  <testsuite errors="0" failures="1" hostname="2014003" id="1" name="BuyTicketControllerTest" package="jp.enpit.cloud.eventspiral.controller" tests="8" time="5.387" timestamp="2014-10-03T07:50:11">
      <properties>
[...]
</properties>

      <testcase classname="jp.enpit.cloud.eventspiral.controller.BuyTicketControllerTest" name="testExecute01" time="3.576" />

      <testcase classname="jp.enpit.cloud.eventspiral.controller.BuyTicketControllerTest" name="testExecute02" time="0.762" />

      <testcase classname="jp.enpit.cloud.eventspiral.controller.BuyTicketControllerTest" name="testExecute03" time="0.296" />

      <testcase classname="jp.enpit.cloud.eventspiral.controller.BuyTicketControllerTest" name="testExecute04" time="0.202" />

      <testcase classname="jp.enpit.cloud.eventspiral.controller.BuyTicketControllerTest" name="testExecute05" time="0.114" />

      <testcase classname="jp.enpit.cloud.eventspiral.controller.BuyTicketControllerTest" name="testExecute06" time="0.229">
          <failure message="Expected exception: jp.enpit.cloud.eventspiral.view.TEMViewException" type="junit.framework.AssertionFailedError">junit.framework.AssertionFailedError: Expected exception: jp.enpit.cloud.eventspiral.view.TEMViewException
</failure>

      </testcase>

      <testcase classname="jp.enpit.cloud.eventspiral.controller.BuyTicketControllerTest" name="testExecute07" time="0.089" />

      <testcase classname="jp.enpit.cloud.eventspiral.controller.BuyTicketControllerTest" name="testExecute08" time="0.098" />

      <system-out><![CDATA[]]></system-out>

      <system-err><![CDATA[]]></system-err>

  </testsuite>
  <testsuite errors="0" failures="0" hostname="2014003" id="2" name="DisplayEventDetailControllerTest" package="jp.enpit.cloud.eventspiral.controller" tests="6" time="1.301" timestamp="2014-10-03T07:50:16">
      <properties>
[...]
</properties>

      <testcase classname="jp.enpit.cloud.eventspiral.controller.DisplayEventDetailControllerTest" name="testExecute01" time="0.33" />

      <testcase classname="jp.enpit.cloud.eventspiral.controller.DisplayEventDetailControllerTest" name="testExecute02" time="0.139" />

      <testcase classname="jp.enpit.cloud.eventspiral.controller.DisplayEventDetailControllerTest" name="testExecute03" time="0.121" />

      <testcase classname="jp.enpit.cloud.eventspiral.controller.DisplayEventDetailControllerTest" name="testExecute04" time="0.211" />

      <testcase classname="jp.enpit.cloud.eventspiral.controller.DisplayEventDetailControllerTest" name="testExecute05" time="0.39" />

      <testcase classname="jp.enpit.cloud.eventspiral.controller.DisplayEventDetailControllerTest" name="testExecute06" time="0.087" />

      <system-out><![CDATA[]]></system-out>

      <system-err><![CDATA[]]></system-err>

  </testsuite>
  <testsuite errors="0" failures="2" hostname="2014003" id="3" name="DisplayEventListControllerTest" package="jp.enpit.cloud.eventspiral.controller" tests="4" time="0.147" timestamp="2014-10-03T07:50:17">
      <properties>
[...]
</properties>

      <testcase classname="jp.enpit.cloud.eventspiral.controller.DisplayEventListControllerTest" name="testExecute01" time="0.022" />

      <testcase classname="jp.enpit.cloud.eventspiral.controller.DisplayEventListControllerTest" name="testExecute02" time="0.027" />

      <testcase classname="jp.enpit.cloud.eventspiral.controller.DisplayEventListControllerTest" name="testExecute03" time="0.04">
          <failure message="expected:&lt;1&gt; but was:&lt;0&gt;" type="junit.framework.AssertionFailedError">junit.framework.AssertionFailedError: expected:&lt;1&gt; but was:&lt;0&gt;
	at jp.enpit.cloud.eventspiral.controller.DisplayEventListControllerTest.testExecute03(DisplayEventListControllerTest.java:92)
</failure>

      </testcase>

      <testcase classname="jp.enpit.cloud.eventspiral.controller.DisplayEventListControllerTest" name="testExecute04" time="0.052">
          <failure message="expected:&lt;6&gt; but was:&lt;1&gt;" type="junit.framework.AssertionFailedError">junit.framework.AssertionFailedError: expected:&lt;6&gt; but was:&lt;1&gt;
	at jp.enpit.cloud.eventspiral.controller.DisplayEventListControllerTest.testExecute04(DisplayEventListControllerTest.java:119)
</failure>

      </testcase>

      <system-out><![CDATA[]]></system-out>

      <system-err><![CDATA[]]></system-err>

  </testsuite>
  <testsuite errors="0" failures="0" hostname="2014003" id="4" name="DisplayRegisteredEventListControllerTest" package="jp.enpit.cloud.eventspiral.controller" tests="7" time="1.161" timestamp="2014-10-03T07:50:17">
      <properties>
[...]
</properties>

      <testcase classname="jp.enpit.cloud.eventspiral.controller.DisplayRegisteredEventListControllerTest" name="testExecute01" time="0.203" />

      <testcase classname="jp.enpit.cloud.eventspiral.controller.DisplayRegisteredEventListControllerTest" name="testExecute02" time="0.201" />

      <testcase classname="jp.enpit.cloud.eventspiral.controller.DisplayRegisteredEventListControllerTest" name="testExecute03" time="0.113" />

      <testcase classname="jp.enpit.cloud.eventspiral.controller.DisplayRegisteredEventListControllerTest" name="testExecute04" time="0.067" />

      <testcase classname="jp.enpit.cloud.eventspiral.controller.DisplayRegisteredEventListControllerTest" name="testExecute05" time="0.187" />

      <testcase classname="jp.enpit.cloud.eventspiral.controller.DisplayRegisteredEventListControllerTest" name="testExecute06" time="0.339" />

      <testcase classname="jp.enpit.cloud.eventspiral.controller.DisplayRegisteredEventListControllerTest" name="testExecute07" time="0.027" />

      <system-out><![CDATA[]]></system-out>

      <system-err><![CDATA[]]></system-err>

  </testsuite>
  <testsuite errors="0" failures="0" hostname="2014003" id="5" name="LoginControllerTest" package="jp.enpit.cloud.eventspiral.controller" tests="3" time="0.08" timestamp="2014-10-03T07:50:19">
      <properties>
[...]
</properties>

      <testcase classname="jp.enpit.cloud.eventspiral.controller.LoginControllerTest" name="testExecute01" time="0.038" />

      <testcase classname="jp.enpit.cloud.eventspiral.controller.LoginControllerTest" name="testExecute02" time="0.023" />

      <testcase classname="jp.enpit.cloud.eventspiral.controller.LoginControllerTest" name="testExecute03" time="0.014" />

      <system-out><![CDATA[]]></system-out>

      <system-err><![CDATA[]]></system-err>

  </testsuite>
  <testsuite errors="0" failures="0" hostname="2014003" id="6" name="LogoutControllerTest" package="jp.enpit.cloud.eventspiral.controller" tests="1" time="0.085" timestamp="2014-10-03T07:50:19">
      <properties>
[...]
</properties>

      <testcase classname="jp.enpit.cloud.eventspiral.controller.LogoutControllerTest" name="testExecute01" time="0.081" />

      <system-out><![CDATA[]]></system-out>

      <system-err><![CDATA[]]></system-err>

  </testsuite>
  <testsuite errors="0" failures="0" hostname="2014003" id="7" name="RegisterEventControllerTest" package="jp.enpit.cloud.eventspiral.controller" tests="6" time="0.888" timestamp="2014-10-03T07:50:19">
      <properties>
[...]
</properties>

      <testcase classname="jp.enpit.cloud.eventspiral.controller.RegisterEventControllerTest" name="testExecute01" time="0.094" />

      <testcase classname="jp.enpit.cloud.eventspiral.controller.RegisterEventControllerTest" name="testExecute02" time="0.049" />

      <testcase classname="jp.enpit.cloud.eventspiral.controller.RegisterEventControllerTest" name="testExecute03" time="0.318" />

      <testcase classname="jp.enpit.cloud.eventspiral.controller.RegisterEventControllerTest" name="testExecute04" time="0.029" />

      <testcase classname="jp.enpit.cloud.eventspiral.controller.RegisterEventControllerTest" name="testExecute05" time="0.029" />

      <testcase classname="jp.enpit.cloud.eventspiral.controller.RegisterEventControllerTest" name="testExecute06" time="0.092" />

      <system-out><![CDATA[]]></system-out>

      <system-err><![CDATA[]]></system-err>

  </testsuite>
  <testsuite errors="0" failures="0" hostname="2014003" id="8" name="RegisterSeatCategoryControllerTest" package="jp.enpit.cloud.eventspiral.controller" tests="6" time="0.736" timestamp="2014-10-03T07:50:20">
      <properties>
[...]
</properties>

      <testcase classname="jp.enpit.cloud.eventspiral.controller.RegisterSeatCategoryControllerTest" name="testExecute01" time="0.135" />

      <testcase classname="jp.enpit.cloud.eventspiral.controller.RegisterSeatCategoryControllerTest" name="testExecute02" time="0.023" />

      <testcase classname="jp.enpit.cloud.eventspiral.controller.RegisterSeatCategoryControllerTest" name="testExecute03" time="0.096" />

      <testcase classname="jp.enpit.cloud.eventspiral.controller.RegisterSeatCategoryControllerTest" name="testExecute04" time="0.121" />

      <testcase classname="jp.enpit.cloud.eventspiral.controller.RegisterSeatCategoryControllerTest" name="testExecute05" time="0.066" />

      <testcase classname="jp.enpit.cloud.eventspiral.controller.RegisterSeatCategoryControllerTest" name="testExecute06" time="0.287" />

      <system-out><![CDATA[]]></system-out>

      <system-err><![CDATA[]]></system-err>

  </testsuite>
  <testsuite errors="0" failures="0" hostname="2014003" id="9" name="SignUpControllerTest" package="jp.enpit.cloud.eventspiral.controller" tests="2" time="0.115" timestamp="2014-10-03T07:50:20">
      <properties>
[...]
</properties>

      <testcase classname="jp.enpit.cloud.eventspiral.controller.SignUpControllerTest" name="testExecute01" time="0.082" />

      <testcase classname="jp.enpit.cloud.eventspiral.controller.SignUpControllerTest" name="testExecute02" time="0.025" />

      <system-out><![CDATA[]]></system-out>

      <system-err><![CDATA[]]></system-err>

  </testsuite>
  <testsuite errors="0" failures="0" hostname="2014003" id="10" name="SignUpPromoterControllerTest" package="jp.enpit.cloud.eventspiral.controller" tests="3" time="0.866" timestamp="2014-10-03T07:50:21">
      <properties>
[...]
</properties>

      <testcase classname="jp.enpit.cloud.eventspiral.controller.SignUpPromoterControllerTest" name="testExecute01" time="0.696" />

      <testcase classname="jp.enpit.cloud.eventspiral.controller.SignUpPromoterControllerTest" name="testExecute02" time="0.043" />

      <testcase classname="jp.enpit.cloud.eventspiral.controller.SignUpPromoterControllerTest" name="testExecute03" time="0.117" />

      <system-out><![CDATA[]]></system-out>

      <system-err><![CDATA[]]></system-err>

  </testsuite>
  <testsuite errors="0" failures="0" hostname="2014003" id="11" name="AccountModelTest" package="jp.enpit.cloud.eventspiral.model" tests="7" time="0.188" timestamp="2014-10-03T07:50:21">
      <properties>
[...]
</properties>

      <testcase classname="jp.enpit.cloud.eventspiral.model.AccountModelTest" name="testRegisterUser01" time="0.016" />

      <testcase classname="jp.enpit.cloud.eventspiral.model.AccountModelTest" name="testRegisterUser02" time="0.006" />

      <testcase classname="jp.enpit.cloud.eventspiral.model.AccountModelTest" name="testAuthenticate01" time="0.013" />

      <testcase classname="jp.enpit.cloud.eventspiral.model.AccountModelTest" name="testAuthenticate02" time="0.008" />

      <testcase classname="jp.enpit.cloud.eventspiral.model.AccountModelTest" name="testAuthenticate03" time="0.023" />

      <testcase classname="jp.enpit.cloud.eventspiral.model.AccountModelTest" name="testRegisterPromoter01" time="0.015" />

      <testcase classname="jp.enpit.cloud.eventspiral.model.AccountModelTest" name="testRegisterPromoter02" time="0.006" />

      <system-out><![CDATA[]]></system-out>

      <system-err><![CDATA[]]></system-err>

  </testsuite>
  <testsuite errors="2" failures="4" hostname="2014003" id="12" name="EventModelTest" package="jp.enpit.cloud.eventspiral.model" tests="22" time="0.612" timestamp="2014-10-03T07:50:22">
      <properties>
[...]
</properties>

      <testcase classname="jp.enpit.cloud.eventspiral.model.EventModelTest" name="testTotalCount01" time="0.11" />

      <testcase classname="jp.enpit.cloud.eventspiral.model.EventModelTest" name="testTotalCount02" time="0.017" />

      <testcase classname="jp.enpit.cloud.eventspiral.model.EventModelTest" name="testRegisterEvent01" time="0.012">
          <error message="EventDate:Wed Oct 01 12:00:00 JST 2014 is past now." type="jp.enpit.cloud.eventspiral.model.OutOfDateException">jp.enpit.cloud.eventspiral.model.OutOfDateException: EventDate:Wed Oct 01 12:00:00 JST 2014 is past now.
	at jp.enpit.cloud.eventspiral.model.EventModel.registerEvent(EventModel.java:168)
	at jp.enpit.cloud.eventspiral.model.EventModelTest.testRegisterEvent01(EventModelTest.java:231)
</error>

      </testcase>

      <testcase classname="jp.enpit.cloud.eventspiral.model.EventModelTest" name="testRegisterEvent02" time="0.038">
          <error message="EventDate:Wed Oct 01 12:00:00 JST 2014 is past now." type="jp.enpit.cloud.eventspiral.model.OutOfDateException">jp.enpit.cloud.eventspiral.model.OutOfDateException: EventDate:Wed Oct 01 12:00:00 JST 2014 is past now.
	at jp.enpit.cloud.eventspiral.model.EventModel.registerEvent(EventModel.java:168)
	at jp.enpit.cloud.eventspiral.model.EventModelTest.testRegisterEvent02(EventModelTest.java:261)
</error>

      </testcase>

      <testcase classname="jp.enpit.cloud.eventspiral.model.EventModelTest" name="testRegisterSeatCategory01" time="0.008" />

      <testcase classname="jp.enpit.cloud.eventspiral.model.EventModelTest" name="testRegisterSeatCategory02" time="0.025" />

      <testcase classname="jp.enpit.cloud.eventspiral.model.EventModelTest" name="testRegisterSeatCategory03" time="0.027" />

      <testcase classname="jp.enpit.cloud.eventspiral.model.EventModelTest" name="testGetFutureEventTotalCount01" time="0.044">
          <failure message="expected:&lt;6&gt; but was:&lt;1&gt;" type="junit.framework.AssertionFailedError">junit.framework.AssertionFailedError: expected:&lt;6&gt; but was:&lt;1&gt;
	at jp.enpit.cloud.eventspiral.model.EventModelTest.testGetFutureEventTotalCount01(EventModelTest.java:190)
</failure>

      </testcase>

      <testcase classname="jp.enpit.cloud.eventspiral.model.EventModelTest" name="testGetFutureEventTotalCount02" time="0.003" />

      <testcase classname="jp.enpit.cloud.eventspiral.model.EventModelTest" name="testGetFutureEvents01" time="0.015">
          <failure message="expected:&lt;6&gt; but was:&lt;1&gt;" type="junit.framework.AssertionFailedError">junit.framework.AssertionFailedError: expected:&lt;6&gt; but was:&lt;1&gt;
	at jp.enpit.cloud.eventspiral.model.EventModelTest.testGetFutureEvents01(EventModelTest.java:69)
</failure>

      </testcase>

      <testcase classname="jp.enpit.cloud.eventspiral.model.EventModelTest" name="testGetFutureEvents02" time="0.008" />

      <testcase classname="jp.enpit.cloud.eventspiral.model.EventModelTest" name="testGetFutureEvents03" time="0.006">
          <failure message="expected:&lt;1&gt; but was:&lt;0&gt;" type="junit.framework.AssertionFailedError">junit.framework.AssertionFailedError: expected:&lt;1&gt; but was:&lt;0&gt;
	at jp.enpit.cloud.eventspiral.model.EventModelTest.testGetFutureEvents03(EventModelTest.java:102)
</failure>

      </testcase>

      <testcase classname="jp.enpit.cloud.eventspiral.model.EventModelTest" name="testGetFutureEvents04" time="0.015" />

      <testcase classname="jp.enpit.cloud.eventspiral.model.EventModelTest" name="testGetFutureEvents05" time="0.017" />

      <testcase classname="jp.enpit.cloud.eventspiral.model.EventModelTest" name="testGetFutureEvents07" time="0.015">
          <failure message="expected:&lt;6&gt; but was:&lt;1&gt;" type="junit.framework.AssertionFailedError">junit.framework.AssertionFailedError: expected:&lt;6&gt; but was:&lt;1&gt;
	at jp.enpit.cloud.eventspiral.model.EventModelTest.testGetFutureEvents07(EventModelTest.java:170)
</failure>

      </testcase>

      <testcase classname="jp.enpit.cloud.eventspiral.model.EventModelTest" name="testGetEvents01" time="0.008" />

      <testcase classname="jp.enpit.cloud.eventspiral.model.EventModelTest" name="testGetEvents02" time="0.011" />

      <testcase classname="jp.enpit.cloud.eventspiral.model.EventModelTest" name="testGetEvents03" time="0.007" />

      <testcase classname="jp.enpit.cloud.eventspiral.model.EventModelTest" name="testGetEvents04" time="0.049" />

      <testcase classname="jp.enpit.cloud.eventspiral.model.EventModelTest" name="testGetEvents05" time="0.067" />

      <testcase classname="jp.enpit.cloud.eventspiral.model.EventModelTest" name="testGetEvents06" time="0.08" />

      <testcase classname="jp.enpit.cloud.eventspiral.model.EventModelTest" name="testGetEvents08" time="0.015" />

      <system-out><![CDATA[]]></system-out>

      <system-err><![CDATA[]]></system-err>

  </testsuite>
  <testsuite errors="1" failures="0" hostname="2014003" id="13" name="TicketModelTest" package="jp.enpit.cloud.eventspiral.model" tests="22" time="4.566" timestamp="2014-10-03T07:50:22">
      <properties>
[...]
</properties>

      <testcase classname="jp.enpit.cloud.eventspiral.model.TicketModelTest" name="testGetBoughtSeatCategories01" time="0.187" />

      <testcase classname="jp.enpit.cloud.eventspiral.model.TicketModelTest" name="testGetBoughtSeatCategories02" time="0.12" />

      <testcase classname="jp.enpit.cloud.eventspiral.model.TicketModelTest" name="testGetBoughtSeatCategories03" time="0.175" />

      <testcase classname="jp.enpit.cloud.eventspiral.model.TicketModelTest" name="testGetBoughtSeatCategories04" time="0.618" />

      <testcase classname="jp.enpit.cloud.eventspiral.model.TicketModelTest" name="testGetBoughtSeatCategories05" time="0.677" />

      <testcase classname="jp.enpit.cloud.eventspiral.model.TicketModelTest" name="testGetBoughtSeatCategories06" time="0.29" />

      <testcase classname="jp.enpit.cloud.eventspiral.model.TicketModelTest" name="testGetBoughtSeatCategories07" time="0.239" />

      <testcase classname="jp.enpit.cloud.eventspiral.model.TicketModelTest" name="testGenerateTickets01" time="0.011" />

      <testcase classname="jp.enpit.cloud.eventspiral.model.TicketModelTest" name="testGenerateTickets02" time="0.134" />

      <testcase classname="jp.enpit.cloud.eventspiral.model.TicketModelTest" name="testGenerateTickets03" time="0.038" />

      <testcase classname="jp.enpit.cloud.eventspiral.model.TicketModelTest" name="testBuyTickets01" time="0.022" />

      <testcase classname="jp.enpit.cloud.eventspiral.model.TicketModelTest" name="testBuyTickets02" time="0.079" />

      <testcase classname="jp.enpit.cloud.eventspiral.model.TicketModelTest" name="testBuyTickets03" time="0.018" />

      <testcase classname="jp.enpit.cloud.eventspiral.model.TicketModelTest" name="testBuyTickets04" time="0.02" />

      <testcase classname="jp.enpit.cloud.eventspiral.model.TicketModelTest" name="testBuyTickets05" time="0.106">
          <error message="Unexpected exception, expected&lt;jp.enpit.cloud.eventspiral.model.OutOfDateException&gt; but was&lt;jp.enpit.cloud.eventspiral.model.TicketSoldOutException&gt;" type="java.lang.Exception">java.lang.Exception: Unexpected exception, expected&lt;jp.enpit.cloud.eventspiral.model.OutOfDateException&gt; but was&lt;jp.enpit.cloud.eventspiral.model.TicketSoldOutException&gt;
Caused by: jp.enpit.cloud.eventspiral.model.TicketSoldOutException: Count:3is larger than1.
	at jp.enpit.cloud.eventspiral.model.TicketModel.buyTickets(TicketModel.java:257)
	at jp.enpit.cloud.eventspiral.model.TicketModelTest.testBuyTickets05(TicketModelTest.java:1120)
</error>

      </testcase>

      <testcase classname="jp.enpit.cloud.eventspiral.model.TicketModelTest" name="testGetRemainSeatCategories01" time="0.1" />

      <testcase classname="jp.enpit.cloud.eventspiral.model.TicketModelTest" name="testGetRemainSeatCategories02" time="0.104" />

      <testcase classname="jp.enpit.cloud.eventspiral.model.TicketModelTest" name="testGetRemainSeatCategories03" time="0.097" />

      <testcase classname="jp.enpit.cloud.eventspiral.model.TicketModelTest" name="testGetRemainSeatCategories04" time="0.65" />

      <testcase classname="jp.enpit.cloud.eventspiral.model.TicketModelTest" name="testGetRemainSeatCategories05" time="0.501" />

      <testcase classname="jp.enpit.cloud.eventspiral.model.TicketModelTest" name="testGetRemainSeatCategories06" time="0.283" />

      <testcase classname="jp.enpit.cloud.eventspiral.model.TicketModelTest" name="testGetRemainSeatCategories07" time="0.083" />

      <system-out><![CDATA[]]></system-out>

      <system-err><![CDATA[]]></system-err>

  </testsuite>
  <testsuite errors="0" failures="0" hostname="2014003" id="14" name="DBUtilsTest" package="jp.enpit.cloud.eventspiral.util" tests="9" time="0.675" timestamp="2014-10-03T07:50:27">
      <properties>
[...]
</properties>

      <testcase classname="jp.enpit.cloud.eventspiral.util.DBUtilsTest" name="testSanitize01" time="0.033" />

      <testcase classname="jp.enpit.cloud.eventspiral.util.DBUtilsTest" name="testSanitize02" time="0.067" />

      <testcase classname="jp.enpit.cloud.eventspiral.util.DBUtilsTest" name="testAttachProperties01" time="0.026" />

      <testcase classname="jp.enpit.cloud.eventspiral.util.DBUtilsTest" name="testAttachProperties02" time="0.074" />

      <testcase classname="jp.enpit.cloud.eventspiral.util.DBUtilsTest" name="testAttachProperties03" time="0.167" />

      <testcase classname="jp.enpit.cloud.eventspiral.util.DBUtilsTest" name="testAttachProperties04" time="0.131" />

      <testcase classname="jp.enpit.cloud.eventspiral.util.DBUtilsTest" name="testAttachProperties05" time="0.111" />

      <testcase classname="jp.enpit.cloud.eventspiral.util.DBUtilsTest" name="testConvertToDBObject01" time="0.015" />

      <testcase classname="jp.enpit.cloud.eventspiral.util.DBUtilsTest" name="testConvertToDBObject02" time="0.041" />

      <system-out><![CDATA[]]></system-out>

      <system-err><![CDATA[]]></system-err>

  </testsuite>
  <testsuite errors="0" failures="0" hostname="2014003" id="15" name="BuyingTicketFormTest" package="jp.enpit.cloud.eventspiral.view" tests="8" time="0.045" timestamp="2014-10-03T07:50:28">
      <properties>
[...]
</properties>

      <testcase classname="jp.enpit.cloud.eventspiral.view.BuyingTicketFormTest" name="testSetEventId01" time="0.009" />

      <testcase classname="jp.enpit.cloud.eventspiral.view.BuyingTicketFormTest" name="testSetEventId02" time="0.006" />

      <testcase classname="jp.enpit.cloud.eventspiral.view.BuyingTicketFormTest" name="testSetEventId03" time="0.006" />

      <testcase classname="jp.enpit.cloud.eventspiral.view.BuyingTicketFormTest" name="testSetSeatName01" time="0.0" />

      <testcase classname="jp.enpit.cloud.eventspiral.view.BuyingTicketFormTest" name="testSetSeatName02" time="0.006" />

      <testcase classname="jp.enpit.cloud.eventspiral.view.BuyingTicketFormTest" name="testSetSeatName03" time="0.006" />

      <testcase classname="jp.enpit.cloud.eventspiral.view.BuyingTicketFormTest" name="testSetCount01" time="0.0" />

      <testcase classname="jp.enpit.cloud.eventspiral.view.BuyingTicketFormTest" name="testSetCount02" time="0.006" />

      <system-out><![CDATA[]]></system-out>

      <system-err><![CDATA[]]></system-err>

  </testsuite>
  <testsuite errors="0" failures="0" hostname="2014003" id="16" name="EventDetailEntityTest" package="jp.enpit.cloud.eventspiral.view" tests="21" time="0.325" timestamp="2014-10-03T07:50:28">
      <properties>
[...]
</properties>

      <testcase classname="jp.enpit.cloud.eventspiral.view.EventDetailEntityTest" name="testSetRemainSeats01" time="0.0" />

      <testcase classname="jp.enpit.cloud.eventspiral.view.EventDetailEntityTest" name="testSetEventId01" time="0.0" />

      <testcase classname="jp.enpit.cloud.eventspiral.view.EventDetailEntityTest" name="testSetEventId02" time="0.012" />

      <testcase classname="jp.enpit.cloud.eventspiral.view.EventDetailEntityTest" name="testSetEventId03" time="0.04" />

      <testcase classname="jp.enpit.cloud.eventspiral.view.EventDetailEntityTest" name="testEventDate02" time="0.057" />

      <testcase classname="jp.enpit.cloud.eventspiral.view.EventDetailEntityTest" name="testTotalSeats02" time="0.009" />

      <testcase classname="jp.enpit.cloud.eventspiral.view.EventDetailEntityTest" name="testRemainSeats02" time="0.011" />

      <testcase classname="jp.enpit.cloud.eventspiral.view.EventDetailEntityTest" name="testSetPromoterId01" time="0.0" />

      <testcase classname="jp.enpit.cloud.eventspiral.view.EventDetailEntityTest" name="testSetPromoterId02" time="0.036" />

      <testcase classname="jp.enpit.cloud.eventspiral.view.EventDetailEntityTest" name="testSetPromoterId03" time="0.089" />

      <testcase classname="jp.enpit.cloud.eventspiral.view.EventDetailEntityTest" name="testSetEventDate01" time="0.0" />

      <testcase classname="jp.enpit.cloud.eventspiral.view.EventDetailEntityTest" name="testTicketStartDate02" time="0.018" />

      <testcase classname="jp.enpit.cloud.eventspiral.view.EventDetailEntityTest" name="testSetEventName01" time="0.0" />

      <testcase classname="jp.enpit.cloud.eventspiral.view.EventDetailEntityTest" name="testSetEventName02" time="0.009" />

      <testcase classname="jp.enpit.cloud.eventspiral.view.EventDetailEntityTest" name="testSetEventName03" time="0.01" />

      <testcase classname="jp.enpit.cloud.eventspiral.view.EventDetailEntityTest" name="testSetTotalSeats01" time="0.0" />

      <testcase classname="jp.enpit.cloud.eventspiral.view.EventDetailEntityTest" name="testSetBoughtSeats01" time="0.0" />

      <testcase classname="jp.enpit.cloud.eventspiral.view.EventDetailEntityTest" name="testSetDescription01" time="0.0" />

      <testcase classname="jp.enpit.cloud.eventspiral.view.EventDetailEntityTest" name="testSetDescription02" time="0.008" />

      <testcase classname="jp.enpit.cloud.eventspiral.view.EventDetailEntityTest" name="testSetDescription03" time="0.013" />

      <testcase classname="jp.enpit.cloud.eventspiral.view.EventDetailEntityTest" name="testSetTicketStartDate01" time="0.0" />

      <system-out><![CDATA[]]></system-out>

      <system-err><![CDATA[]]></system-err>

  </testsuite>
  <testsuite errors="0" failures="0" hostname="2014003" id="17" name="EventInfoEntityTest" package="jp.enpit.cloud.eventspiral.view" tests="16" time="0.19" timestamp="2014-10-03T07:50:28">
      <properties>
[...]
</properties>

      <testcase classname="jp.enpit.cloud.eventspiral.view.EventInfoEntityTest" name="testSetEventId01" time="0.0" />

      <testcase classname="jp.enpit.cloud.eventspiral.view.EventInfoEntityTest" name="testSetEventId02" time="0.061" />

      <testcase classname="jp.enpit.cloud.eventspiral.view.EventInfoEntityTest" name="testSetEventId03" time="0.009" />

      <testcase classname="jp.enpit.cloud.eventspiral.view.EventInfoEntityTest" name="testSetPromoterId01" time="0.0" />

      <testcase classname="jp.enpit.cloud.eventspiral.view.EventInfoEntityTest" name="testSetPromoterId02" time="0.008" />

      <testcase classname="jp.enpit.cloud.eventspiral.view.EventInfoEntityTest" name="testSetPromoterId03" time="0.008" />

      <testcase classname="jp.enpit.cloud.eventspiral.view.EventInfoEntityTest" name="testSetEventDate01" time="0.0" />

      <testcase classname="jp.enpit.cloud.eventspiral.view.EventInfoEntityTest" name="testSetEventDate02" time="0.009" />

      <testcase classname="jp.enpit.cloud.eventspiral.view.EventInfoEntityTest" name="testSetEventName01" time="0.0" />

      <testcase classname="jp.enpit.cloud.eventspiral.view.EventInfoEntityTest" name="testSetEventName02" time="0.008" />

      <testcase classname="jp.enpit.cloud.eventspiral.view.EventInfoEntityTest" name="testSetEventName03" time="0.021" />

      <testcase classname="jp.enpit.cloud.eventspiral.view.EventInfoEntityTest" name="testSetDescription01" time="0.0" />

      <testcase classname="jp.enpit.cloud.eventspiral.view.EventInfoEntityTest" name="testSetDescription02" time="0.017" />

      <testcase classname="jp.enpit.cloud.eventspiral.view.EventInfoEntityTest" name="testSetDescription03" time="0.019" />

      <testcase classname="jp.enpit.cloud.eventspiral.view.EventInfoEntityTest" name="testSetTicketStartDate01" time="0.0" />

      <testcase classname="jp.enpit.cloud.eventspiral.view.EventInfoEntityTest" name="testSetTicketStartDate02" time="0.009" />

      <system-out><![CDATA[]]></system-out>

      <system-err><![CDATA[]]></system-err>

  </testsuite>
  <testsuite errors="0" failures="0" hostname="2014003" id="18" name="IdentifyingAccountFormTest" package="jp.enpit.cloud.eventspiral.view" tests="22" time="0.465" timestamp="2014-10-03T07:50:28">
      <properties>
[...]
</properties>

      <testcase classname="jp.enpit.cloud.eventspiral.view.IdentifyingAccountFormTest" name="testValidate01" time="0.033" />

      <testcase classname="jp.enpit.cloud.eventspiral.view.IdentifyingAccountFormTest" name="testValidate02" time="0.005" />

      <testcase classname="jp.enpit.cloud.eventspiral.view.IdentifyingAccountFormTest" name="testValidate03" time="0.006" />

      <testcase classname="jp.enpit.cloud.eventspiral.view.IdentifyingAccountFormTest" name="testValidate04" time="0.009" />

      <testcase classname="jp.enpit.cloud.eventspiral.view.IdentifyingAccountFormTest" name="testValidate05" time="0.005" />

      <testcase classname="jp.enpit.cloud.eventspiral.view.IdentifyingAccountFormTest" name="testValidate06" time="0.034" />

      <testcase classname="jp.enpit.cloud.eventspiral.view.IdentifyingAccountFormTest" name="testValidate07" time="0.005" />

      <testcase classname="jp.enpit.cloud.eventspiral.view.IdentifyingAccountFormTest" name="testValidate08" time="0.006" />

      <testcase classname="jp.enpit.cloud.eventspiral.view.IdentifyingAccountFormTest" name="testValidate09" time="0.28" />

      <testcase classname="jp.enpit.cloud.eventspiral.view.IdentifyingAccountFormTest" name="testValidate10" time="0.006" />

      <testcase classname="jp.enpit.cloud.eventspiral.view.IdentifyingAccountFormTest" name="testValidate11" time="0.006" />

      <testcase classname="jp.enpit.cloud.eventspiral.view.IdentifyingAccountFormTest" name="testValidate12" time="0.023" />

      <testcase classname="jp.enpit.cloud.eventspiral.view.IdentifyingAccountFormTest" name="testSetUserId01" time="0.0" />

      <testcase classname="jp.enpit.cloud.eventspiral.view.IdentifyingAccountFormTest" name="testSetUserId02" time="0.0" />

      <testcase classname="jp.enpit.cloud.eventspiral.view.IdentifyingAccountFormTest" name="testSetUserId03" time="0.0" />

      <testcase classname="jp.enpit.cloud.eventspiral.view.IdentifyingAccountFormTest" name="testSetUserId04" time="0.0" />

      <testcase classname="jp.enpit.cloud.eventspiral.view.IdentifyingAccountFormTest" name="testSetUserId05" time="0.0" />

      <testcase classname="jp.enpit.cloud.eventspiral.view.IdentifyingAccountFormTest" name="testSetUserId06" time="0.001" />

      <testcase classname="jp.enpit.cloud.eventspiral.view.IdentifyingAccountFormTest" name="testSetUserId07" time="0.0" />

      <testcase classname="jp.enpit.cloud.eventspiral.view.IdentifyingAccountFormTest" name="testSetUserId08" time="0.0" />

      <testcase classname="jp.enpit.cloud.eventspiral.view.IdentifyingAccountFormTest" name="testSetUserId09" time="0.001" />

      <testcase classname="jp.enpit.cloud.eventspiral.view.IdentifyingAccountFormTest" name="testSetPass01" time="0.0" />

      <system-out><![CDATA[]]></system-out>

      <system-err><![CDATA[]]></system-err>

  </testsuite>
  <testsuite errors="0" failures="0" hostname="2014003" id="19" name="IdentifyingEventFormTest" package="jp.enpit.cloud.eventspiral.view" tests="4" time="0.019" timestamp="2014-10-03T07:50:29">
      <properties>
[...]
</properties>

      <testcase classname="jp.enpit.cloud.eventspiral.view.IdentifyingEventFormTest" name="testSetEventId01" time="0.0" />

      <testcase classname="jp.enpit.cloud.eventspiral.view.IdentifyingEventFormTest" name="testValidate01" time="0.003" />

      <testcase classname="jp.enpit.cloud.eventspiral.view.IdentifyingEventFormTest" name="testValidate02" time="0.006" />

      <testcase classname="jp.enpit.cloud.eventspiral.view.IdentifyingEventFormTest" name="testValidate03" time="0.005" />

      <system-out><![CDATA[]]></system-out>

      <system-err><![CDATA[]]></system-err>

  </testsuite>
  <testsuite errors="0" failures="0" hostname="2014003" id="20" name="RegisteringEventFormTest" package="jp.enpit.cloud.eventspiral.view" tests="11" time="0.103" timestamp="2014-10-03T07:50:29">
      <properties>
[...]
</properties>

      <testcase classname="jp.enpit.cloud.eventspiral.view.RegisteringEventFormTest" name="testValidate01" time="0.006" />

      <testcase classname="jp.enpit.cloud.eventspiral.view.RegisteringEventFormTest" name="testSetEventDate01" time="0.0" />

      <testcase classname="jp.enpit.cloud.eventspiral.view.RegisteringEventFormTest" name="testSetEventDate02" time="0.006" />

      <testcase classname="jp.enpit.cloud.eventspiral.view.RegisteringEventFormTest" name="testSetEventDate03" time="0.006" />

      <testcase classname="jp.enpit.cloud.eventspiral.view.RegisteringEventFormTest" name="testSetEventName01" time="0.0" />

      <testcase classname="jp.enpit.cloud.eventspiral.view.RegisteringEventFormTest" name="testSetEventName02" time="0.038" />

      <testcase classname="jp.enpit.cloud.eventspiral.view.RegisteringEventFormTest" name="testSetDescription01" time="0.0" />

      <testcase classname="jp.enpit.cloud.eventspiral.view.RegisteringEventFormTest" name="testSetDescription02" time="0.006" />

      <testcase classname="jp.enpit.cloud.eventspiral.view.RegisteringEventFormTest" name="testSetTicketStartDate01" time="0.0" />

      <testcase classname="jp.enpit.cloud.eventspiral.view.RegisteringEventFormTest" name="testSetTicketStartDate02" time="0.006" />

      <testcase classname="jp.enpit.cloud.eventspiral.view.RegisteringEventFormTest" name="testSetTicketStartDate03" time="0.016" />

      <system-out><![CDATA[]]></system-out>

      <system-err><![CDATA[]]></system-err>

  </testsuite>
  <testsuite errors="0" failures="0" hostname="2014003" id="21" name="RegisteringSeatCategoryFormTest" package="jp.enpit.cloud.eventspiral.view" tests="28" time="0.257" timestamp="2014-10-03T07:50:29">
      <properties>
[...]
</properties>

      <testcase classname="jp.enpit.cloud.eventspiral.view.RegisteringSeatCategoryFormTest" name="testSetEventId01" time="0.001" />

      <testcase classname="jp.enpit.cloud.eventspiral.view.RegisteringSeatCategoryFormTest" name="testSetEventId02" time="0.0" />

      <testcase classname="jp.enpit.cloud.eventspiral.view.RegisteringSeatCategoryFormTest" name="testSetEventId03" time="0.0" />

      <testcase classname="jp.enpit.cloud.eventspiral.view.RegisteringSeatCategoryFormTest" name="testSetEventId04" time="0.0" />

      <testcase classname="jp.enpit.cloud.eventspiral.view.RegisteringSeatCategoryFormTest" name="testSetEventId05" time="0.0" />

      <testcase classname="jp.enpit.cloud.eventspiral.view.RegisteringSeatCategoryFormTest" name="testSetEventId06" time="0.0" />

      <testcase classname="jp.enpit.cloud.eventspiral.view.RegisteringSeatCategoryFormTest" name="testSetEventId07" time="0.0" />

      <testcase classname="jp.enpit.cloud.eventspiral.view.RegisteringSeatCategoryFormTest" name="testSetEventId08" time="0.0" />

      <testcase classname="jp.enpit.cloud.eventspiral.view.RegisteringSeatCategoryFormTest" name="testSetEventId09" time="0.0" />

      <testcase classname="jp.enpit.cloud.eventspiral.view.RegisteringSeatCategoryFormTest" name="testSetSeatName01" time="0.0" />

      <testcase classname="jp.enpit.cloud.eventspiral.view.RegisteringSeatCategoryFormTest" name="testSetSeatName02" time="0.0" />

      <testcase classname="jp.enpit.cloud.eventspiral.view.RegisteringSeatCategoryFormTest" name="testSetSeatName03" time="0.0" />

      <testcase classname="jp.enpit.cloud.eventspiral.view.RegisteringSeatCategoryFormTest" name="testSetSeatName04" time="0.001" />

      <testcase classname="jp.enpit.cloud.eventspiral.view.RegisteringSeatCategoryFormTest" name="testSetSeatName05" time="0.0" />

      <testcase classname="jp.enpit.cloud.eventspiral.view.RegisteringSeatCategoryFormTest" name="testSetSeatName06" time="0.0" />

      <testcase classname="jp.enpit.cloud.eventspiral.view.RegisteringSeatCategoryFormTest" name="testSetSeatName07" time="0.0" />

      <testcase classname="jp.enpit.cloud.eventspiral.view.RegisteringSeatCategoryFormTest" name="testSetSeatName08" time="0.001" />

      <testcase classname="jp.enpit.cloud.eventspiral.view.RegisteringSeatCategoryFormTest" name="testSetSeatName09" time="0.0" />

      <testcase classname="jp.enpit.cloud.eventspiral.view.RegisteringSeatCategoryFormTest" name="testValidate01" time="0.007" />

      <testcase classname="jp.enpit.cloud.eventspiral.view.RegisteringSeatCategoryFormTest" name="testValidate02" time="0.009" />

      <testcase classname="jp.enpit.cloud.eventspiral.view.RegisteringSeatCategoryFormTest" name="testValidate03" time="0.007" />

      <testcase classname="jp.enpit.cloud.eventspiral.view.RegisteringSeatCategoryFormTest" name="testValidate04" time="0.07" />

      <testcase classname="jp.enpit.cloud.eventspiral.view.RegisteringSeatCategoryFormTest" name="testValidate05" time="0.01" />

      <testcase classname="jp.enpit.cloud.eventspiral.view.RegisteringSeatCategoryFormTest" name="testValidate06" time="0.008" />

      <testcase classname="jp.enpit.cloud.eventspiral.view.RegisteringSeatCategoryFormTest" name="testValidate07" time="0.006" />

      <testcase classname="jp.enpit.cloud.eventspiral.view.RegisteringSeatCategoryFormTest" name="testValidate08" time="0.015" />

      <testcase classname="jp.enpit.cloud.eventspiral.view.RegisteringSeatCategoryFormTest" name="testValidate09" time="0.005" />

      <testcase classname="jp.enpit.cloud.eventspiral.view.RegisteringSeatCategoryFormTest" name="testValidate10" time="0.047" />

      <system-out><![CDATA[]]></system-out>

      <system-err><![CDATA[]]></system-err>

  </testsuite>
  <testsuite errors="0" failures="0" hostname="2014003" id="22" name="RoleEntityTest" package="jp.enpit.cloud.eventspiral.view" tests="4" time="0.02" timestamp="2014-10-03T07:50:29">
      <properties>
[...]
</properties>

      <testcase classname="jp.enpit.cloud.eventspiral.view.RoleEntityTest" name="testValidate01" time="0.005" />

      <testcase classname="jp.enpit.cloud.eventspiral.view.RoleEntityTest" name="testValidate02" time="0.003" />

      <testcase classname="jp.enpit.cloud.eventspiral.view.RoleEntityTest" name="testValidate03" time="0.004" />

      <testcase classname="jp.enpit.cloud.eventspiral.view.RoleEntityTest" name="testValidate04" time="0.003" />

      <system-out><![CDATA[]]></system-out>

      <system-err><![CDATA[]]></system-err>

  </testsuite>
  <testsuite errors="0" failures="0" hostname="2014003" id="23" name="SearchingFormTest" package="jp.enpit.cloud.eventspiral.view" tests="7" time="0.019" timestamp="2014-10-03T07:50:29">
      <properties>
[...]
</properties>

      <testcase classname="jp.enpit.cloud.eventspiral.view.SearchingFormTest" name="testSearchingFrom01" time="0.0" />

      <testcase classname="jp.enpit.cloud.eventspiral.view.SearchingFormTest" name="testSearchingFrom02" time="0.0" />

      <testcase classname="jp.enpit.cloud.eventspiral.view.SearchingFormTest" name="testSearchingFrom03" time="0.004" />

      <testcase classname="jp.enpit.cloud.eventspiral.view.SearchingFormTest" name="testSearchingFrom04" time="0.003" />

      <testcase classname="jp.enpit.cloud.eventspiral.view.SearchingFormTest" name="testSearchingFrom05" time="0.001" />

      <testcase classname="jp.enpit.cloud.eventspiral.view.SearchingFormTest" name="testSearchingFrom06" time="0.0" />

      <testcase classname="jp.enpit.cloud.eventspiral.view.SearchingFormTest" name="testSearchingFrom07" time="0.005" />

      <system-out><![CDATA[]]></system-out>

      <system-err><![CDATA[]]></system-err>

  </testsuite>
  <testsuite errors="0" failures="0" hostname="2014003" id="24" name="SeatCategoryEntityTest" package="jp.enpit.cloud.eventspiral.view" tests="7" time="0.147" timestamp="2014-10-03T07:50:29">
      <properties>
[...]
</properties>

      <testcase classname="jp.enpit.cloud.eventspiral.view.SeatCategoryEntityTest" name="testSetSeatName01" time="0.0" />

      <testcase classname="jp.enpit.cloud.eventspiral.view.SeatCategoryEntityTest" name="testSetCount01" time="0.0" />

      <testcase classname="jp.enpit.cloud.eventspiral.view.SeatCategoryEntityTest" name="testSetCount02" time="0.096" />

      <testcase classname="jp.enpit.cloud.eventspiral.view.SeatCategoryEntityTest" name="testSetName02" time="0.005" />

      <testcase classname="jp.enpit.cloud.eventspiral.view.SeatCategoryEntityTest" name="testSetName03" time="0.021" />

      <testcase classname="jp.enpit.cloud.eventspiral.view.SeatCategoryEntityTest" name="testSetFee01" time="0.0" />

      <testcase classname="jp.enpit.cloud.eventspiral.view.SeatCategoryEntityTest" name="testSetFee02" time="0.005" />

      <system-out><![CDATA[]]></system-out>

      <system-err><![CDATA[]]></system-err>

  </testsuite>
</testsuites>
