<?xml version="1.0" encoding="UTF-8" ?>
<testsuite errors="1" failures="0" hostname="2014003" name="jp.enpit.cloud.eventspiral.model.TicketModelTest" tests="22" time="4.566" timestamp="2014-10-03T07:50:22">
  <properties>
[...]
</properties>
  <testcase classname="jp.enpit.cloud.eventspiral.model.TicketModelTest" name="testGetBoughtSeatCategories01" time="0.187" />
  <testcase classname="jp.enpit.cloud.eventspiral.model.TicketModelTest" name="testGetBoughtSeatCategories02" time="0.12" />
  <testcase classname="jp.enpit.cloud.eventspiral.model.TicketModelTest" name="testGetBoughtSeatCategories03" time="0.175" />
  <testcase classname="jp.enpit.cloud.eventspiral.model.TicketModelTest" name="testGetBoughtSeatCategories04" time="0.618" />
  <testcase classname="jp.enpit.cloud.eventspiral.model.TicketModelTest" name="testGetBoughtSeatCategories05" time="0.677" />
  <testcase classname="jp.enpit.cloud.eventspiral.model.TicketModelTest" name="testGetBoughtSeatCategories06" time="0.29" />
  <testcase classname="jp.enpit.cloud.eventspiral.model.TicketModelTest" name="testGetBoughtSeatCategories07" time="0.239" />
  <testcase classname="jp.enpit.cloud.eventspiral.model.TicketModelTest" name="testGenerateTickets01" time="0.011" />
  <testcase classname="jp.enpit.cloud.eventspiral.model.TicketModelTest" name="testGenerateTickets02" time="0.134" />
  <testcase classname="jp.enpit.cloud.eventspiral.model.TicketModelTest" name="testGenerateTickets03" time="0.038" />
  <testcase classname="jp.enpit.cloud.eventspiral.model.TicketModelTest" name="testBuyTickets01" time="0.022" />
  <testcase classname="jp.enpit.cloud.eventspiral.model.TicketModelTest" name="testBuyTickets02" time="0.079" />
  <testcase classname="jp.enpit.cloud.eventspiral.model.TicketModelTest" name="testBuyTickets03" time="0.018" />
  <testcase classname="jp.enpit.cloud.eventspiral.model.TicketModelTest" name="testBuyTickets04" time="0.02" />
  <testcase classname="jp.enpit.cloud.eventspiral.model.TicketModelTest" name="testBuyTickets05" time="0.106">
    <error message="Unexpected exception, expected&lt;jp.enpit.cloud.eventspiral.model.OutOfDateException&gt; but was&lt;jp.enpit.cloud.eventspiral.model.TicketSoldOutException&gt;" type="java.lang.Exception">java.lang.Exception: Unexpected exception, expected&lt;jp.enpit.cloud.eventspiral.model.OutOfDateException&gt; but was&lt;jp.enpit.cloud.eventspiral.model.TicketSoldOutException&gt;
Caused by: jp.enpit.cloud.eventspiral.model.TicketSoldOutException: Count:3is larger than1.
	at jp.enpit.cloud.eventspiral.model.TicketModel.buyTickets(TicketModel.java:257)
	at jp.enpit.cloud.eventspiral.model.TicketModelTest.testBuyTickets05(TicketModelTest.java:1120)
</error>
  </testcase>
  <testcase classname="jp.enpit.cloud.eventspiral.model.TicketModelTest" name="testGetRemainSeatCategories01" time="0.1" />
  <testcase classname="jp.enpit.cloud.eventspiral.model.TicketModelTest" name="testGetRemainSeatCategories02" time="0.104" />
  <testcase classname="jp.enpit.cloud.eventspiral.model.TicketModelTest" name="testGetRemainSeatCategories03" time="0.097" />
  <testcase classname="jp.enpit.cloud.eventspiral.model.TicketModelTest" name="testGetRemainSeatCategories04" time="0.65" />
  <testcase classname="jp.enpit.cloud.eventspiral.model.TicketModelTest" name="testGetRemainSeatCategories05" time="0.501" />
  <testcase classname="jp.enpit.cloud.eventspiral.model.TicketModelTest" name="testGetRemainSeatCategories06" time="0.283" />
  <testcase classname="jp.enpit.cloud.eventspiral.model.TicketModelTest" name="testGetRemainSeatCategories07" time="0.083" />
  <system-out><![CDATA[]]></system-out>
  <system-err><![CDATA[]]></system-err>
</testsuite>
